epoch,accuracy,loss,val_accuracy,val_loss
0,0.21165643632411957,2.619605779647827,0.239130437374115,1.993454933166504
1,0.23619632422924042,2.2625067234039307,0.10869564861059189,2.0486900806427
2,0.15644171833992004,2.0039186477661133,0.239130437374115,1.9943492412567139
3,0.23619632422924042,1.9333561658859253,0.239130437374115,1.9987014532089233
4,0.22085890173912048,1.9669075012207031,0.239130437374115,1.968923807144165
5,0.2668711543083191,1.918433666229248,0.27173912525177,1.9567630290985107
6,0.29754599928855896,1.8831672668457031,0.43478259444236755,1.8898494243621826
7,0.23312883079051971,1.9355701208114624,0.239130437374115,2.00323748588562
8,0.2730061411857605,1.938474178314209,0.239130437374115,1.9831148386001587
9,0.2791410982608795,1.9174994230270386,0.260869562625885,1.9915486574172974
10,0.2791410982608795,1.8858685493469238,0.29347825050354004,1.8706549406051636
11,0.29754599928855896,2.095714807510376,0.25,1.9503635168075562
12,0.2607361972332001,1.8946945667266846,0.28260868787765503,1.8776851892471313
13,0.2791410982608795,1.8618807792663574,0.29347825050354004,1.8709619045257568
14,0.3159509301185608,1.8556891679763794,0.29347825050354004,1.8492270708084106
15,0.2730061411857605,1.8551973104476929,0.29347825050354004,1.8546464443206787
16,0.3527607321739197,1.7570170164108276,0.3913043439388275,1.7215029001235962
17,0.24846625328063965,3.6145389080047607,0.28260868787765503,1.8165079355239868
18,0.29447853565216064,1.8610846996307373,0.29347825050354004,1.8048347234725952
19,0.3588957190513611,1.7496131658554077,0.41304346919059753,1.7274599075317383
20,0.30061349272727966,1.8759676218032837,0.25,1.8121271133422852
21,0.30368098616600037,1.770896077156067,0.30434781312942505,1.7103490829467773
22,0.3251533806324005,1.6804412603378296,0.42391303181648254,1.6629648208618164
23,0.349693238735199,1.6264920234680176,0.22826087474822998,1.9428939819335938
24,0.30674847960472107,1.9322638511657715,0.3804347813129425,1.6849421262741089
25,0.33128833770751953,1.6721079349517822,0.31521740555763245,1.9923875331878662
26,0.3159509301185608,1.7537808418273926,0.3478260934352875,1.7258458137512207
27,0.38036808371543884,1.5981838703155518,0.41304346919059753,1.6242709159851074
28,0.38650307059288025,1.5610544681549072,0.33695653080940247,1.8169270753860474
29,0.34662577509880066,1.7387815713882446,0.43478259444236755,1.6241753101348877
30,0.38650307059288025,1.5712851285934448,0.44565218687057495,1.5970402956008911
31,0.30061349272727966,1.8348461389541626,0.41304346919059753,1.7050085067749023
32,0.3742331266403198,1.6362003087997437,0.42391303181648254,1.6433312892913818
33,0.43558281660079956,1.5508943796157837,0.46739131212234497,1.5139654874801636
34,0.4049079716205597,1.5392659902572632,0.20652173459529877,2.067058801651001
35,0.29141104221343994,1.8949679136276245,0.3695652186870575,1.8649265766143799
36,0.3680981695652008,1.7160831689834595,0.42391303181648254,1.6155849695205688
37,0.38650307059288025,1.585668683052063,0.42391303181648254,1.6196339130401611
38,0.43251532316207886,1.4711445569992065,0.43478259444236755,1.5377174615859985
39,0.4447852671146393,1.424087405204773,0.45652174949645996,1.470152497291565
40,0.34355828166007996,1.761228084564209,0.260869562625885,1.7670265436172485
41,0.3650306761264801,1.649330973625183,0.45652174949645996,1.5047553777694702
42,0.4171779155731201,1.5360240936279297,0.489130437374115,1.500159502029419
43,0.4631901979446411,1.4171854257583618,0.44565218687057495,1.658963918685913
44,0.33435583114624023,2.058178424835205,0.27173912525177,1.8926475048065186
45,0.4049079716205597,1.6588093042373657,0.5,1.4646234512329102
46,0.4631901979446411,1.397803544998169,0.489130437374115,1.4100812673568726
47,0.453987717628479,1.4072483777999878,0.42391303181648254,1.5320411920547485
48,0.4171779155731201,1.4314254522323608,0.5,1.3638951778411865
49,0.38343557715415955,1.6381205320358276,0.3695652186870575,1.6623692512512207
50,0.3711656332015991,1.6350610256195068,0.43478259444236755,1.582027554512024
51,0.44171780347824097,1.4799615144729614,0.52173912525177,1.3481361865997314
52,0.4907975494861603,1.3033326864242554,0.47826087474823,1.4151756763458252
53,0.42944785952568054,1.4577828645706177,0.3695652186870575,1.8618130683898926
54,0.33742332458496094,2.2397053241729736,0.489130437374115,1.4880151748657227
55,0.47546011209487915,1.4469295740127563,0.52173912525177,1.3428175449371338
56,0.5337423086166382,1.3287638425827026,0.532608687877655,1.4008978605270386
57,0.47546011209487915,1.3708685636520386,0.510869562625885,1.3551998138427734
58,0.5030674934387207,1.2927262783050537,0.510869562625885,1.3780845403671265
59,0.5184049010276794,1.2641792297363281,0.47826087474823,1.2408069372177124
60,0.43865031003952026,1.3531213998794556,0.6086956262588501,1.287033200263977
61,0.401840478181839,3.1325950622558594,0.31521740555763245,3.896303176879883
62,0.28834354877471924,3.082113265991211,0.46739131212234497,1.4546704292297363
63,0.48466256260871887,1.3905593156814575,0.52173912525177,1.3400582075119019
64,0.453987717628479,1.327242374420166,0.532608687877655,1.2313578128814697
65,0.4907975494861603,1.3077441453933716,0.510869562625885,1.24593186378479
66,0.5429447889328003,1.2066929340362549,0.554347813129425,1.247273325920105
67,0.42638036608695984,1.5666258335113525,0.43478259444236755,1.6122236251831055
68,0.47546011209487915,1.3417600393295288,0.5,1.298169732093811
69,0.546012282371521,1.2099140882492065,0.6195651888847351,1.1385223865509033
70,0.5398772954940796,1.2714158296585083,0.5978260636329651,1.2451616525650024
71,0.5644171833992004,1.1539608240127563,0.52173912525177,1.2864779233932495
72,0.493865042924881,1.3150638341903687,0.554347813129425,1.2919689416885376
73,0.5705521702766418,1.142707347869873,0.6413043737411499,1.129704475402832
74,0.5766870975494385,1.241001844406128,0.45652174949645996,1.582962155342102
75,0.43251532316207886,1.6575195789337158,0.5869565010070801,1.2862533330917358
76,0.5552147030830383,1.258924126625061,0.532608687877655,1.2260366678237915
77,0.5276073813438416,1.2384939193725586,0.489130437374115,1.4037234783172607
78,0.5705521702766418,1.110883116722107,0.5652173757553101,1.2267268896102905
79,0.5214723944664001,1.2233728170394897,0.532608687877655,1.3250960111618042
80,0.5797545909881592,1.1450707912445068,0.6521739363670349,1.1069362163543701
81,0.5889570713043213,1.0935026407241821,0.31521740555763245,2.11027193069458
82,0.4049079716205597,1.7349843978881836,0.29347825050354004,1.9385851621627808
83,0.4601227045059204,1.4934700727462769,0.5,1.259395718574524
84,0.5736196041107178,1.1345020532608032,0.5760869383811951,1.2297786474227905
85,0.5705521702766418,1.1287918090820312,0.554347813129425,1.3217891454696655
86,0.5368098020553589,1.262589931488037,0.5869565010070801,1.3060935735702515
87,0.5828220844268799,1.1900445222854614,0.5978260636329651,1.243506908416748
88,0.5981594920158386,1.1053004264831543,0.6521739363670349,1.038517951965332
89,0.5306748747825623,1.286353349685669,0.43478259444236755,1.752732276916504
90,0.5521472096443176,1.2264279127120972,0.6304348111152649,0.9639784097671509
91,0.546012282371521,1.1822739839553833,0.47826087474823,1.4905743598937988
92,0.5889570713043213,1.1131651401519775,0.6304348111152649,1.1155574321746826
93,0.6165643930435181,0.9738954901695251,0.5978260636329651,1.0692561864852905
94,0.6349693536758423,0.9976539015769958,0.532608687877655,1.3295629024505615
95,0.5184049010276794,1.408516764640808,0.32608696818351746,3.2374649047851562
96,0.3742331266403198,2.157414674758911,0.489130437374115,1.2915188074111938
97,0.5766870975494385,1.1982476711273193,0.5760869383811951,1.1550639867782593
98,0.5797545909881592,1.1576240062713623,0.532608687877655,1.1808527708053589
99,0.592024564743042,1.0549479722976685,0.54347825050354,1.2384231090545654
100,0.6533742547035217,0.9918724298477173,0.6086956262588501,1.0760717391967773
101,0.5889570713043213,1.1563245058059692,0.5,1.5944536924362183
102,0.5184049010276794,1.2128314971923828,0.6413043737411499,0.9459294676780701
103,0.7116564512252808,0.9056079983711243,0.6413043737411499,0.9687504172325134
104,0.5766870975494385,1.0379881858825684,0.5978260636329651,1.3132963180541992
105,0.5797545909881592,1.0838980674743652,0.6195651888847351,1.0995925664901733
106,0.6226993799209595,0.9654157161712646,0.5,1.267370581626892
107,0.5797545909881592,1.1722615957260132,0.695652186870575,0.9591068625450134
108,0.6564416885375977,0.9300339818000793,0.6521739363670349,0.9829027056694031
109,0.5981594920158386,1.201032042503357,0.28260868787765503,2.924372911453247
110,0.48466256260871887,1.764953374862671,0.6413043737411499,1.1851186752319336
111,0.5736196041107178,1.1055299043655396,0.5760869383811951,1.1291987895965576
112,0.6349693536758423,1.0032178163528442,0.54347825050354,1.1279356479644775
113,0.5889570713043213,1.0661858320236206,0.5869565010070801,1.0904874801635742
114,0.6656441688537598,0.9553297758102417,0.6630434989929199,1.0849449634552002
115,0.6134969592094421,1.0237065553665161,0.554347813129425,1.3161877393722534
116,0.6073619723320007,1.029105305671692,0.5,1.5699936151504517
117,0.6226993799209595,1.019960641860962,0.5760869383811951,1.0847933292388916
118,0.6595091819763184,0.8767297863960266,0.5978260636329651,1.2225223779678345
119,0.6349693536758423,0.9752436876296997,0.5652173757553101,1.1670138835906982
120,0.6288343667984009,0.9875611662864685,0.5652173757553101,1.4225976467132568
121,0.6441717743873596,0.9298326969146729,0.6521739363670349,1.0316482782363892
122,0.6257668733596802,0.9441298246383667,0.6086956262588501,1.4333590269088745
123,0.6687116622924805,0.9214463233947754,0.46739131212234497,1.6273292303085327
124,0.5337423086166382,1.2226672172546387,0.5760869383811951,1.068026065826416
125,0.6472392678260803,1.0226892232894897,0.6304348111152649,0.9937291145324707
126,0.6717791557312012,0.9327154159545898,0.5652173757553101,1.2979658842086792
127,0.6012269854545593,1.0566438436508179,0.6086956262588501,1.2194335460662842
128,0.6472392678260803,0.9351704716682434,0.6304348111152649,1.144594430923462
129,0.6533742547035217,0.8743533492088318,0.5869565010070801,1.204216718673706
130,0.6472392678260803,0.9757253527641296,0.6630434989929199,1.1481235027313232
131,0.6840490698814392,0.8046215176582336,0.6630434989929199,0.9676341414451599
132,0.5030674934387207,1.9436002969741821,0.44565218687057495,2.1764566898345947
133,0.5705521702766418,1.3194376230239868,0.6413043737411499,1.0068330764770508
134,0.6687116622924805,0.8756008148193359,0.6304348111152649,1.0441056489944458
135,0.7147239446640015,0.8257313370704651,0.6630434989929199,1.0397253036499023
136,0.6809815764427185,0.8294857740402222,0.532608687877655,1.319505214691162
137,0.6595091819763184,0.856046736240387,0.6847826242446899,0.9067624807357788
138,0.696319043636322,0.7577328085899353,0.5652173757553101,1.268447756767273
139,0.6687116622924805,0.8732226490974426,0.5652173757553101,1.150750994682312
140,0.6840490698814392,0.8092408180236816,0.6304348111152649,1.1689138412475586
141,0.7085889577865601,0.8226831555366516,0.5760869383811951,1.416663408279419
142,0.6380367875099182,0.8965667486190796,0.54347825050354,1.3249915838241577
143,0.6564416885375977,0.9186180233955383,0.6304348111152649,1.220977783203125
144,0.7331288456916809,0.7265645861625671,0.6086956262588501,1.013102412223816
145,0.745398759841919,0.6946281790733337,0.6521739363670349,1.058595895767212
146,0.7331288456916809,0.7698547840118408,0.5760869383811951,1.1634989976882935
147,0.6411042809486389,0.964771568775177,0.6195651888847351,1.3425383567810059
148,0.592024564743042,1.2722786664962769,0.5760869383811951,1.2979917526245117
149,0.6319018602371216,0.97227543592453,0.5869565010070801,1.2262585163116455
150,0.7300613522529602,0.7867886424064636,0.5978260636329651,1.256279706954956
151,0.6840490698814392,0.8135010600090027,0.6304348111152649,0.9788104891777039
152,0.7607361674308777,0.6312411427497864,0.6304348111152649,1.1632343530654907
153,0.6748466491699219,0.9329932332038879,0.46739131212234497,1.6618720293045044
154,0.5828220844268799,1.183851718902588,0.6195651888847351,1.1273597478866577
155,0.7331288456916809,0.772140622138977,0.6630434989929199,1.098152995109558
156,0.7361963391304016,0.7249816060066223,0.6630434989929199,1.0385468006134033
157,0.7300613522529602,0.7253872752189636,0.6630434989929199,1.103296160697937
158,0.7331288456916809,0.6937050223350525,0.6521739363670349,1.1440074443817139
159,0.6196318864822388,1.1436840295791626,0.5760869383811951,1.43863046169281
160,0.6012269854545593,1.1008291244506836,0.6304348111152649,1.055159568786621
161,0.6932515501976013,0.8970881700515747,0.54347825050354,1.133352518081665
162,0.696319043636322,0.8004266619682312,0.6304348111152649,1.0396134853363037
163,0.6840490698814392,0.7771792411804199,0.6195651888847351,1.0599232912063599
164,0.7515337467193604,0.6738660335540771,0.6086956262588501,1.2014373540878296
165,0.699386477470398,0.8046268224716187,0.6195651888847351,1.143358588218689
166,0.7147239446640015,0.7480062246322632,0.6195651888847351,0.9428158402442932
167,0.7331288456916809,0.742158830165863,0.6630434989929199,1.2738529443740845
168,0.7668711543083191,0.6407374143600464,0.5869565010070801,1.8700767755508423
169,0.5245398879051208,1.459291696548462,0.554347813129425,1.293703556060791
170,0.6840490698814392,0.8184371590614319,0.6739130616188049,0.9799591302871704
171,0.7177914381027222,0.7560421228408813,0.6413043737411499,1.1226763725280762
172,0.7392638325691223,0.6660093665122986,0.6413043737411499,1.014715313911438
173,0.7944785356521606,0.6487913727760315,0.6847826242446899,1.176284909248352
174,0.7515337467193604,0.6920765042304993,0.6195651888847351,1.0701985359191895
175,0.6012269854545593,1.0251340866088867,0.6195651888847351,1.1277042627334595
176,0.7331288456916809,0.770598292350769,0.6739130616188049,0.9982892870903015
177,0.7331288456916809,0.6973208785057068,0.6521739363670349,1.167301893234253
178,0.7607361674308777,0.7083930969238281,0.6847826242446899,1.1010302305221558
179,0.7055214643478394,0.6965228319168091,0.6630434989929199,1.0808943510055542
180,0.7638036608695984,0.6170611381530762,0.47826087474823,1.8001052141189575
181,0.43865031003952026,2.0018246173858643,0.5652173757553101,1.2779836654663086
182,0.6717791557312012,0.9227380752563477,0.6413043737411499,1.0401099920272827
183,0.7914110422134399,0.6189696788787842,0.6086956262588501,0.9096179008483887
184,0.7975460290908813,0.6206969022750854,0.6847826242446899,0.9612585306167603
185,0.7975460290908813,0.5404589772224426,0.6413043737411499,1.1314336061477661
186,0.7638036608695984,0.6298007369041443,0.6847826242446899,1.18352472782135
187,0.800613522529602,0.5142039060592651,0.6630434989929199,1.1668696403503418
188,0.7208588719367981,0.7234017848968506,0.72826087474823,0.9580146074295044
189,0.8067484498023987,0.5699949860572815,0.6304348111152649,1.127323865890503
190,0.7699386477470398,0.7770256400108337,0.3695652186870575,2.4891326427459717
191,0.46625766158103943,1.6710691452026367,0.5652173757553101,1.2571709156036377
192,0.7085889577865601,0.8397023677825928,0.6521739363670349,1.045699119567871
193,0.7668711543083191,0.6864341497421265,0.6086956262588501,1.1146970987319946
194,0.7668711543083191,0.6746953725814819,0.6086956262588501,1.4374948740005493
195,0.7914110422134399,0.615583062171936,0.6304348111152649,1.0533627271652222
196,0.800613522529602,0.5763277411460876,0.6739130616188049,1.1115225553512573
197,0.8159509301185608,0.5007965564727783,0.6739130616188049,1.0291177034378052
198,0.7269938588142395,0.7275535464286804,0.6521739363670349,1.2743726968765259
199,0.7944785356521606,0.5652856826782227,0.6086956262588501,1.370849609375
